<?xml version="1.0" encoding="UTF-8"?>
<testng-results ignored="0" total="2" passed="2" failed="0" skipped="0">
  <reporter-output>
  </reporter-output>
  <suite started-at="2021-10-03T16:50:38 IST" name="Surefire suite" finished-at="2021-10-03T16:50:38 IST" duration-ms="112">
    <groups>
    </groups>
    <test started-at="2021-10-03T16:50:38 IST" name="Surefire test" finished-at="2021-10-03T16:50:38 IST" duration-ms="112">
      <class name="TeamJava.TodayLearning.MyTest">
        <test-method signature="APITest()[pri:0, instance:TeamJava.TodayLearning.MyTest@3439f68d]" started-at="2021-10-03T16:50:38 IST" name="APITest" finished-at="2021-10-03T16:50:38 IST" duration-ms="9" status="PASS">
          <reporter-output>
          </reporter-output>
        </test-method> <!-- APITest -->
        <test-method signature="SeleTest()[pri:0, instance:TeamJava.TodayLearning.MyTest@3439f68d]" started-at="2021-10-03T16:50:38 IST" name="SeleTest" finished-at="2021-10-03T16:50:38 IST" duration-ms="1" status="PASS">
          <reporter-output>
          </reporter-output>
        </test-method> <!-- SeleTest -->
      </class> <!-- TeamJava.TodayLearning.MyTest -->
    </test> <!-- Surefire test -->
  </suite> <!-- Surefire suite -->
</testng-results>
