<?xml version="1.0" encoding="UTF-8"?>
<testng-results ignored="0" total="2" passed="2" failed="0" skipped="0">
  <reporter-output>
  </reporter-output>
  <suite started-at="2021-10-03T18:10:59 IST" name="Suite" finished-at="2021-10-03T18:10:59 IST" duration-ms="86">
    <groups>
    </groups>
    <test started-at="2021-10-03T18:10:59 IST" name="Test" finished-at="2021-10-03T18:10:59 IST" duration-ms="86">
      <class name="TeamJava.TodayLearning.MyTest">
        <test-method signature="APITest()[pri:0, instance:TeamJava.TodayLearning.MyTest@341b80b2]" started-at="2021-10-03T18:10:59 IST" name="APITest" finished-at="2021-10-03T18:10:59 IST" duration-ms="10" status="PASS">
          <reporter-output>
          </reporter-output>
        </test-method> <!-- APITest -->
        <test-method signature="SeleTest()[pri:0, instance:TeamJava.TodayLearning.MyTest@341b80b2]" started-at="2021-10-03T18:10:59 IST" name="SeleTest" finished-at="2021-10-03T18:10:59 IST" duration-ms="2" status="PASS">
          <reporter-output>
          </reporter-output>
        </test-method> <!-- SeleTest -->
      </class> <!-- TeamJava.TodayLearning.MyTest -->
    </test> <!-- Test -->
  </suite> <!-- Suite -->
</testng-results>
