<?xml version="1.0" encoding="UTF-8"?>
<testng-results ignored="0" total="2" passed="2" failed="0" skipped="0">
  <reporter-output>
  </reporter-output>
  <suite started-at="2021-10-03T21:03:37 IST" name="Default suite" finished-at="2021-10-03T21:03:39 IST" duration-ms="2201">
    <groups>
    </groups>
    <test started-at="2021-10-03T21:03:37 IST" name="Default test" finished-at="2021-10-03T21:03:39 IST" duration-ms="2201">
      <class name="TeamJava.TodayLearning.MyTest">
        <test-method is-config="true" signature="testTrial()[pri:0, instance:TeamJava.TodayLearning.MyTest@4a7f959b]" started-at="2021-10-03T21:03:37 IST" name="testTrial" finished-at="2021-10-03T21:03:38 IST" duration-ms="661" status="PASS">
          <reporter-output>
          </reporter-output>
        </test-method> <!-- testTrial -->
        <test-method signature="APITest()[pri:0, instance:TeamJava.TodayLearning.MyTest@4a7f959b]" started-at="2021-10-03T21:03:38 IST" name="APITest" finished-at="2021-10-03T21:03:38 IST" duration-ms="11" status="PASS">
          <reporter-output>
          </reporter-output>
        </test-method> <!-- APITest -->
        <test-method signature="SeleTest()[pri:0, instance:TeamJava.TodayLearning.MyTest@4a7f959b]" started-at="2021-10-03T21:03:38 IST" name="SeleTest" finished-at="2021-10-03T21:03:39 IST" duration-ms="1438" status="PASS">
          <reporter-output>
          </reporter-output>
        </test-method> <!-- SeleTest -->
      </class> <!-- TeamJava.TodayLearning.MyTest -->
    </test> <!-- Default test -->
  </suite> <!-- Default suite -->
</testng-results>
